2024-06-01T14:46:54.317-05:00  INFO 19434 --- [fruitStore] [main] k.fruitstore.FruitStoreApplication       : Starting FruitStoreApplication using Java 17.0.8.1 with PID 19434 (/home/kinberly/Documents/kim/PROJECTS/springboot/workspace/fruitStore/target/classes started by kinberly in /home/kinberly/Documents/kim/PROJECTS/springboot/workspace/fruitStore)
2024-06-01T14:46:54.322-05:00  INFO 19434 --- [fruitStore] [main] k.fruitstore.FruitStoreApplication       : No active profile set, falling back to 1 default profile: "default"
2024-06-01T14:46:55.133-05:00  INFO 19434 --- [fruitStore] [main] .s.d.r.c.RepositoryConfigurationDelegate : Bootstrapping Spring Data JPA repositories in DEFAULT mode.
2024-06-01T14:46:55.215-05:00  INFO 19434 --- [fruitStore] [main] .s.d.r.c.RepositoryConfigurationDelegate : Finished Spring Data repository scanning in 67 ms. Found 1 JPA repository interface.
2024-06-01T14:46:55.957-05:00  INFO 19434 --- [fruitStore] [main] o.s.b.w.embedded.tomcat.TomcatWebServer  : Tomcat initialized with port 8090 (http)
2024-06-01T14:46:55.980-05:00  INFO 19434 --- [fruitStore] [main] o.apache.catalina.core.StandardService   : Starting service [Tomcat]
2024-06-01T14:46:55.981-05:00  INFO 19434 --- [fruitStore] [main] o.apache.catalina.core.StandardEngine    : Starting Servlet engine: [Apache Tomcat/10.1.24]
2024-06-01T14:46:56.098-05:00  INFO 19434 --- [fruitStore] [main] o.a.c.c.C.[Tomcat].[localhost].[/]       : Initializing Spring embedded WebApplicationContext
2024-06-01T14:46:56.099-05:00  INFO 19434 --- [fruitStore] [main] w.s.c.ServletWebServerApplicationContext : Root WebApplicationContext: initialization completed in 1699 ms
2024-06-01T14:46:57.149-05:00  INFO 19434 --- [fruitStore] [main] o.s.o.j.p.SpringPersistenceUnitInfo      : No LoadTimeWeaver setup: ignoring JPA class transformer
2024-06-01T14:46:57.230-05:00  INFO 19434 --- [fruitStore] [main] com.zaxxer.hikari.HikariDataSource       : HikariPool-1 - Starting...
2024-06-01T14:46:57.508-05:00  INFO 19434 --- [fruitStore] [main] com.zaxxer.hikari.pool.HikariPool        : HikariPool-1 - Added connection org.postgresql.jdbc.PgConnection@5c4714ef
2024-06-01T14:46:57.511-05:00  INFO 19434 --- [fruitStore] [main] com.zaxxer.hikari.HikariDataSource       : HikariPool-1 - Start completed.
2024-06-01T14:46:58.773-05:00  INFO 19434 --- [fruitStore] [main] j.LocalContainerEntityManagerFactoryBean : Initialized JPA EntityManagerFactory for persistence unit 'default'
2024-06-01T14:46:59.052-05:00  WARN 19434 --- [fruitStore] [main] JpaBaseConfiguration$JpaWebConfiguration : spring.jpa.open-in-view is enabled by default. Therefore, database queries may be performed during view rendering. Explicitly configure spring.jpa.open-in-view to disable this warning
2024-06-01T14:46:59.476-05:00  INFO 19434 --- [fruitStore] [main] o.s.b.w.embedded.tomcat.TomcatWebServer  : Tomcat started on port 8090 (http) with context path '/'
2024-06-01T14:46:59.493-05:00  INFO 19434 --- [fruitStore] [main] k.fruitstore.FruitStoreApplication       : Started FruitStoreApplication in 5.809 seconds (process running for 6.727)
2024-06-01T14:49:22.213-05:00  INFO 19434 --- [fruitStore] [http-nio-8090-exec-1] o.a.c.c.C.[Tomcat].[localhost].[/]       : Initializing Spring DispatcherServlet 'dispatcherServlet'
2024-06-01T14:49:22.213-05:00  INFO 19434 --- [fruitStore] [http-nio-8090-exec-1] o.s.web.servlet.DispatcherServlet        : Initializing Servlet 'dispatcherServlet'
2024-06-01T14:49:22.216-05:00  INFO 19434 --- [fruitStore] [http-nio-8090-exec-1] o.s.web.servlet.DispatcherServlet        : Completed initialization in 2 ms
2024-06-01T14:49:22.390-05:00 ERROR 19434 --- [fruitStore] [http-nio-8090-exec-1] o.h.engine.jdbc.spi.SqlExceptionHelper   : ERROR: relation "fruit_id_seq" does not exist
  Position: 16
2024-06-01T14:49:42.934-05:00  INFO 19434 --- [fruitStore] [RMI TCP Connection(12)-127.0.0.1] inMXBeanRegistrar$SpringApplicationAdmin : Application shutdown requested.
2024-06-01T14:49:42.942-05:00  INFO 19434 --- [fruitStore] [RMI TCP Connection(12)-127.0.0.1] j.LocalContainerEntityManagerFactoryBean : Closing JPA EntityManagerFactory for persistence unit 'default'
2024-06-01T14:49:42.946-05:00  INFO 19434 --- [fruitStore] [RMI TCP Connection(12)-127.0.0.1] com.zaxxer.hikari.HikariDataSource       : HikariPool-1 - Shutdown initiated...
2024-06-01T14:49:42.955-05:00  INFO 19434 --- [fruitStore] [RMI TCP Connection(12)-127.0.0.1] com.zaxxer.hikari.HikariDataSource       : HikariPool-1 - Shutdown completed.
2024-06-01T14:50:03.084-05:00  INFO 19971 --- [fruitStore] [main] k.fruitstore.FruitStoreApplication       : Starting FruitStoreApplication using Java 17.0.8.1 with PID 19971 (/home/kinberly/Documents/kim/PROJECTS/springboot/workspace/fruitStore/target/classes started by kinberly in /home/kinberly/Documents/kim/PROJECTS/springboot/workspace/fruitStore)
2024-06-01T14:50:03.089-05:00  INFO 19971 --- [fruitStore] [main] k.fruitstore.FruitStoreApplication       : No active profile set, falling back to 1 default profile: "default"
2024-06-01T14:50:04.130-05:00  INFO 19971 --- [fruitStore] [main] .s.d.r.c.RepositoryConfigurationDelegate : Bootstrapping Spring Data JPA repositories in DEFAULT mode.
2024-06-01T14:50:04.214-05:00  INFO 19971 --- [fruitStore] [main] .s.d.r.c.RepositoryConfigurationDelegate : Finished Spring Data repository scanning in 71 ms. Found 1 JPA repository interface.
2024-06-01T14:50:04.877-05:00  INFO 19971 --- [fruitStore] [main] o.s.b.w.embedded.tomcat.TomcatWebServer  : Tomcat initialized with port 8090 (http)
2024-06-01T14:50:04.911-05:00  INFO 19971 --- [fruitStore] [main] o.apache.catalina.core.StandardService   : Starting service [Tomcat]
2024-06-01T14:50:04.912-05:00  INFO 19971 --- [fruitStore] [main] o.apache.catalina.core.StandardEngine    : Starting Servlet engine: [Apache Tomcat/10.1.24]
2024-06-01T14:50:04.992-05:00  INFO 19971 --- [fruitStore] [main] o.a.c.c.C.[Tomcat].[localhost].[/]       : Initializing Spring embedded WebApplicationContext
2024-06-01T14:50:04.992-05:00  INFO 19971 --- [fruitStore] [main] w.s.c.ServletWebServerApplicationContext : Root WebApplicationContext: initialization completed in 1827 ms
2024-06-01T14:50:05.750-05:00  INFO 19971 --- [fruitStore] [main] o.s.o.j.p.SpringPersistenceUnitInfo      : No LoadTimeWeaver setup: ignoring JPA class transformer
2024-06-01T14:50:05.789-05:00  INFO 19971 --- [fruitStore] [main] com.zaxxer.hikari.HikariDataSource       : HikariPool-1 - Starting...
2024-06-01T14:50:05.982-05:00  INFO 19971 --- [fruitStore] [main] com.zaxxer.hikari.pool.HikariPool        : HikariPool-1 - Added connection org.postgresql.jdbc.PgConnection@43b6cb1c
2024-06-01T14:50:05.986-05:00  INFO 19971 --- [fruitStore] [main] com.zaxxer.hikari.HikariDataSource       : HikariPool-1 - Start completed.
2024-06-01T14:50:07.377-05:00  INFO 19971 --- [fruitStore] [main] j.LocalContainerEntityManagerFactoryBean : Initialized JPA EntityManagerFactory for persistence unit 'default'
2024-06-01T14:50:07.761-05:00  WARN 19971 --- [fruitStore] [main] JpaBaseConfiguration$JpaWebConfiguration : spring.jpa.open-in-view is enabled by default. Therefore, database queries may be performed during view rendering. Explicitly configure spring.jpa.open-in-view to disable this warning
2024-06-01T14:50:08.250-05:00  INFO 19971 --- [fruitStore] [main] o.s.b.w.embedded.tomcat.TomcatWebServer  : Tomcat started on port 8090 (http) with context path '/'
2024-06-01T14:50:08.266-05:00  INFO 19971 --- [fruitStore] [main] k.fruitstore.FruitStoreApplication       : Started FruitStoreApplication in 5.904 seconds (process running for 7.477)
2024-06-01T14:50:17.590-05:00  INFO 19971 --- [fruitStore] [http-nio-8090-exec-3] o.a.c.c.C.[Tomcat].[localhost].[/]       : Initializing Spring DispatcherServlet 'dispatcherServlet'
2024-06-01T14:50:17.591-05:00  INFO 19971 --- [fruitStore] [http-nio-8090-exec-3] o.s.web.servlet.DispatcherServlet        : Initializing Servlet 'dispatcherServlet'
2024-06-01T14:50:17.594-05:00  INFO 19971 --- [fruitStore] [http-nio-8090-exec-3] o.s.web.servlet.DispatcherServlet        : Completed initialization in 3 ms
2024-06-01T14:52:00.471-05:00 ERROR 19971 --- [fruitStore] [http-nio-8090-exec-3] o.h.engine.jdbc.spi.SqlExceptionHelper   : ERROR: relation "fruit_id_seq" does not exist
  Position: 16
2024-06-01T14:57:18.829-05:00  INFO 20850 --- [fruitStore] [main] k.fruitstore.FruitStoreApplication       : Starting FruitStoreApplication using Java 17.0.8.1 with PID 20850 (/home/kinberly/Documents/kim/PROJECTS/springboot/workspace/fruitStore/target/classes started by kinberly in /home/kinberly/Documents/kim/PROJECTS/springboot/workspace/fruitStore)
2024-06-01T14:57:18.833-05:00  INFO 20850 --- [fruitStore] [main] k.fruitstore.FruitStoreApplication       : No active profile set, falling back to 1 default profile: "default"
2024-06-01T14:57:19.777-05:00  INFO 20850 --- [fruitStore] [main] .s.d.r.c.RepositoryConfigurationDelegate : Bootstrapping Spring Data JPA repositories in DEFAULT mode.
2024-06-01T14:57:19.876-05:00  INFO 20850 --- [fruitStore] [main] .s.d.r.c.RepositoryConfigurationDelegate : Finished Spring Data repository scanning in 88 ms. Found 1 JPA repository interface.
2024-06-01T14:57:20.636-05:00  INFO 20850 --- [fruitStore] [main] o.s.b.w.embedded.tomcat.TomcatWebServer  : Tomcat initialized with port 8090 (http)
2024-06-01T14:57:20.654-05:00  INFO 20850 --- [fruitStore] [main] o.apache.catalina.core.StandardService   : Starting service [Tomcat]
2024-06-01T14:57:20.654-05:00  INFO 20850 --- [fruitStore] [main] o.apache.catalina.core.StandardEngine    : Starting Servlet engine: [Apache Tomcat/10.1.24]
2024-06-01T14:57:20.718-05:00  INFO 20850 --- [fruitStore] [main] o.a.c.c.C.[Tomcat].[localhost].[/]       : Initializing Spring embedded WebApplicationContext
2024-06-01T14:57:20.719-05:00  INFO 20850 --- [fruitStore] [main] w.s.c.ServletWebServerApplicationContext : Root WebApplicationContext: initialization completed in 1816 ms
2024-06-01T14:57:21.336-05:00  INFO 20850 --- [fruitStore] [main] o.s.o.j.p.SpringPersistenceUnitInfo      : No LoadTimeWeaver setup: ignoring JPA class transformer
2024-06-01T14:57:21.365-05:00  INFO 20850 --- [fruitStore] [main] com.zaxxer.hikari.HikariDataSource       : HikariPool-1 - Starting...
2024-06-01T14:57:21.539-05:00  INFO 20850 --- [fruitStore] [main] com.zaxxer.hikari.pool.HikariPool        : HikariPool-1 - Added connection org.postgresql.jdbc.PgConnection@4db728df
2024-06-01T14:57:21.541-05:00  INFO 20850 --- [fruitStore] [main] com.zaxxer.hikari.HikariDataSource       : HikariPool-1 - Start completed.
2024-06-01T14:57:22.497-05:00  INFO 20850 --- [fruitStore] [main] j.LocalContainerEntityManagerFactoryBean : Initialized JPA EntityManagerFactory for persistence unit 'default'
2024-06-01T14:57:22.768-05:00  WARN 20850 --- [fruitStore] [main] JpaBaseConfiguration$JpaWebConfiguration : spring.jpa.open-in-view is enabled by default. Therefore, database queries may be performed during view rendering. Explicitly configure spring.jpa.open-in-view to disable this warning
2024-06-01T14:57:23.194-05:00  INFO 20850 --- [fruitStore] [main] o.s.b.w.embedded.tomcat.TomcatWebServer  : Tomcat started on port 8090 (http) with context path '/'
2024-06-01T14:57:23.208-05:00  INFO 20850 --- [fruitStore] [main] k.fruitstore.FruitStoreApplication       : Started FruitStoreApplication in 5.156 seconds (process running for 6.24)
2024-06-01T14:58:12.831-05:00  INFO 20850 --- [fruitStore] [http-nio-8090-exec-2] o.a.c.c.C.[Tomcat].[localhost].[/]       : Initializing Spring DispatcherServlet 'dispatcherServlet'
2024-06-01T14:58:12.832-05:00  INFO 20850 --- [fruitStore] [http-nio-8090-exec-2] o.s.web.servlet.DispatcherServlet        : Initializing Servlet 'dispatcherServlet'
2024-06-01T14:58:12.835-05:00  INFO 20850 --- [fruitStore] [http-nio-8090-exec-2] o.s.web.servlet.DispatcherServlet        : Completed initialization in 3 ms
2024-06-01T14:58:13.034-05:00 ERROR 20850 --- [fruitStore] [http-nio-8090-exec-2] o.h.engine.jdbc.spi.SqlExceptionHelper   : ERROR: relation "fruit_id_seq" does not exist
  Position: 16
2024-06-01T15:01:20.951-05:00  INFO 20850 --- [fruitStore] [RMI TCP Connection(12)-127.0.0.1] inMXBeanRegistrar$SpringApplicationAdmin : Application shutdown requested.
2024-06-01T15:01:20.959-05:00  INFO 20850 --- [fruitStore] [RMI TCP Connection(12)-127.0.0.1] j.LocalContainerEntityManagerFactoryBean : Closing JPA EntityManagerFactory for persistence unit 'default'
2024-06-01T15:01:20.963-05:00  INFO 20850 --- [fruitStore] [RMI TCP Connection(12)-127.0.0.1] com.zaxxer.hikari.HikariDataSource       : HikariPool-1 - Shutdown initiated...
2024-06-01T15:01:20.970-05:00  INFO 20850 --- [fruitStore] [RMI TCP Connection(12)-127.0.0.1] com.zaxxer.hikari.HikariDataSource       : HikariPool-1 - Shutdown completed.
2024-06-01T15:01:27.057-05:00  INFO 21372 --- [fruitStore] [main] k.fruitstore.FruitStoreApplication       : Starting FruitStoreApplication using Java 17.0.8.1 with PID 21372 (/home/kinberly/Documents/kim/PROJECTS/springboot/workspace/fruitStore/target/classes started by kinberly in /home/kinberly/Documents/kim/PROJECTS/springboot/workspace/fruitStore)
2024-06-01T15:01:27.063-05:00  INFO 21372 --- [fruitStore] [main] k.fruitstore.FruitStoreApplication       : No active profile set, falling back to 1 default profile: "default"
2024-06-01T15:01:27.947-05:00  INFO 21372 --- [fruitStore] [main] .s.d.r.c.RepositoryConfigurationDelegate : Bootstrapping Spring Data JPA repositories in DEFAULT mode.
2024-06-01T15:01:28.047-05:00  INFO 21372 --- [fruitStore] [main] .s.d.r.c.RepositoryConfigurationDelegate : Finished Spring Data repository scanning in 88 ms. Found 1 JPA repository interface.
2024-06-01T15:01:28.695-05:00  INFO 21372 --- [fruitStore] [main] o.s.b.w.embedded.tomcat.TomcatWebServer  : Tomcat initialized with port 8090 (http)
2024-06-01T15:01:28.712-05:00  INFO 21372 --- [fruitStore] [main] o.apache.catalina.core.StandardService   : Starting service [Tomcat]
2024-06-01T15:01:28.713-05:00  INFO 21372 --- [fruitStore] [main] o.apache.catalina.core.StandardEngine    : Starting Servlet engine: [Apache Tomcat/10.1.24]
2024-06-01T15:01:28.784-05:00  INFO 21372 --- [fruitStore] [main] o.a.c.c.C.[Tomcat].[localhost].[/]       : Initializing Spring embedded WebApplicationContext
2024-06-01T15:01:28.784-05:00  INFO 21372 --- [fruitStore] [main] w.s.c.ServletWebServerApplicationContext : Root WebApplicationContext: initialization completed in 1625 ms
2024-06-01T15:01:29.378-05:00  INFO 21372 --- [fruitStore] [main] o.s.o.j.p.SpringPersistenceUnitInfo      : No LoadTimeWeaver setup: ignoring JPA class transformer
2024-06-01T15:01:29.409-05:00  INFO 21372 --- [fruitStore] [main] com.zaxxer.hikari.HikariDataSource       : HikariPool-1 - Starting...
2024-06-01T15:01:29.612-05:00  INFO 21372 --- [fruitStore] [main] com.zaxxer.hikari.pool.HikariPool        : HikariPool-1 - Added connection org.postgresql.jdbc.PgConnection@2673487b
2024-06-01T15:01:29.615-05:00  INFO 21372 --- [fruitStore] [main] com.zaxxer.hikari.HikariDataSource       : HikariPool-1 - Start completed.
2024-06-01T15:01:30.657-05:00  INFO 21372 --- [fruitStore] [main] j.LocalContainerEntityManagerFactoryBean : Initialized JPA EntityManagerFactory for persistence unit 'default'
2024-06-01T15:01:30.927-05:00  WARN 21372 --- [fruitStore] [main] JpaBaseConfiguration$JpaWebConfiguration : spring.jpa.open-in-view is enabled by default. Therefore, database queries may be performed during view rendering. Explicitly configure spring.jpa.open-in-view to disable this warning
2024-06-01T15:01:31.314-05:00  INFO 21372 --- [fruitStore] [main] o.s.b.w.embedded.tomcat.TomcatWebServer  : Tomcat started on port 8090 (http) with context path '/'
2024-06-01T15:01:31.329-05:00  INFO 21372 --- [fruitStore] [main] k.fruitstore.FruitStoreApplication       : Started FruitStoreApplication in 4.875 seconds (process running for 5.759)
2024-06-01T15:01:35.102-05:00  INFO 21372 --- [fruitStore] [http-nio-8090-exec-1] o.a.c.c.C.[Tomcat].[localhost].[/]       : Initializing Spring DispatcherServlet 'dispatcherServlet'
2024-06-01T15:01:35.103-05:00  INFO 21372 --- [fruitStore] [http-nio-8090-exec-1] o.s.web.servlet.DispatcherServlet        : Initializing Servlet 'dispatcherServlet'
2024-06-01T15:01:35.106-05:00  INFO 21372 --- [fruitStore] [http-nio-8090-exec-1] o.s.web.servlet.DispatcherServlet        : Completed initialization in 2 ms
2024-06-01T15:01:35.303-05:00 ERROR 21372 --- [fruitStore] [http-nio-8090-exec-1] o.h.engine.jdbc.spi.SqlExceptionHelper   : ERROR: relation "fruit_id_seq" does not exist
  Position: 16
2024-06-01T15:04:57.801-05:00  INFO 21372 --- [fruitStore] [RMI TCP Connection(13)-127.0.0.1] inMXBeanRegistrar$SpringApplicationAdmin : Application shutdown requested.
2024-06-01T15:04:57.816-05:00  INFO 21372 --- [fruitStore] [RMI TCP Connection(13)-127.0.0.1] j.LocalContainerEntityManagerFactoryBean : Closing JPA EntityManagerFactory for persistence unit 'default'
2024-06-01T15:04:57.820-05:00  INFO 21372 --- [fruitStore] [RMI TCP Connection(13)-127.0.0.1] com.zaxxer.hikari.HikariDataSource       : HikariPool-1 - Shutdown initiated...
2024-06-01T15:04:57.829-05:00  INFO 21372 --- [fruitStore] [RMI TCP Connection(13)-127.0.0.1] com.zaxxer.hikari.HikariDataSource       : HikariPool-1 - Shutdown completed.
2024-06-01T15:08:28.768-05:00  INFO 22089 --- [fruitStore] [main] k.fruitstore.FruitStoreApplication       : Starting FruitStoreApplication using Java 17.0.8.1 with PID 22089 (/home/kinberly/Documents/kim/PROJECTS/springboot/workspace/fruitStore/target/classes started by kinberly in /home/kinberly/Documents/kim/PROJECTS/springboot/workspace/fruitStore)
2024-06-01T15:08:28.772-05:00  INFO 22089 --- [fruitStore] [main] k.fruitstore.FruitStoreApplication       : No active profile set, falling back to 1 default profile: "default"
2024-06-01T15:08:29.545-05:00  INFO 22089 --- [fruitStore] [main] .s.d.r.c.RepositoryConfigurationDelegate : Bootstrapping Spring Data JPA repositories in DEFAULT mode.
2024-06-01T15:08:29.613-05:00  INFO 22089 --- [fruitStore] [main] .s.d.r.c.RepositoryConfigurationDelegate : Finished Spring Data repository scanning in 56 ms. Found 1 JPA repository interface.
2024-06-01T15:08:30.261-05:00  INFO 22089 --- [fruitStore] [main] o.s.b.w.embedded.tomcat.TomcatWebServer  : Tomcat initialized with port 8090 (http)
2024-06-01T15:08:30.278-05:00  INFO 22089 --- [fruitStore] [main] o.apache.catalina.core.StandardService   : Starting service [Tomcat]
2024-06-01T15:08:30.279-05:00  INFO 22089 --- [fruitStore] [main] o.apache.catalina.core.StandardEngine    : Starting Servlet engine: [Apache Tomcat/10.1.24]
2024-06-01T15:08:30.348-05:00  INFO 22089 --- [fruitStore] [main] o.a.c.c.C.[Tomcat].[localhost].[/]       : Initializing Spring embedded WebApplicationContext
2024-06-01T15:08:30.349-05:00  INFO 22089 --- [fruitStore] [main] w.s.c.ServletWebServerApplicationContext : Root WebApplicationContext: initialization completed in 1519 ms
2024-06-01T15:08:30.938-05:00  INFO 22089 --- [fruitStore] [main] o.s.o.j.p.SpringPersistenceUnitInfo      : No LoadTimeWeaver setup: ignoring JPA class transformer
2024-06-01T15:08:30.964-05:00  INFO 22089 --- [fruitStore] [main] com.zaxxer.hikari.HikariDataSource       : HikariPool-1 - Starting...
2024-06-01T15:08:31.131-05:00  INFO 22089 --- [fruitStore] [main] com.zaxxer.hikari.pool.HikariPool        : HikariPool-1 - Added connection org.postgresql.jdbc.PgConnection@c94bd18
2024-06-01T15:08:31.133-05:00  INFO 22089 --- [fruitStore] [main] com.zaxxer.hikari.HikariDataSource       : HikariPool-1 - Start completed.
2024-06-01T15:08:32.062-05:00  INFO 22089 --- [fruitStore] [main] j.LocalContainerEntityManagerFactoryBean : Initialized JPA EntityManagerFactory for persistence unit 'default'
2024-06-01T15:08:32.333-05:00  WARN 22089 --- [fruitStore] [main] JpaBaseConfiguration$JpaWebConfiguration : spring.jpa.open-in-view is enabled by default. Therefore, database queries may be performed during view rendering. Explicitly configure spring.jpa.open-in-view to disable this warning
2024-06-01T15:08:32.729-05:00  INFO 22089 --- [fruitStore] [main] o.s.b.w.embedded.tomcat.TomcatWebServer  : Tomcat started on port 8090 (http) with context path '/'
2024-06-01T15:08:32.748-05:00  INFO 22089 --- [fruitStore] [main] k.fruitstore.FruitStoreApplication       : Started FruitStoreApplication in 4.758 seconds (process running for 5.676)
2024-06-01T15:08:38.026-05:00  INFO 22089 --- [fruitStore] [http-nio-8090-exec-2] o.a.c.c.C.[Tomcat].[localhost].[/]       : Initializing Spring DispatcherServlet 'dispatcherServlet'
2024-06-01T15:08:38.026-05:00  INFO 22089 --- [fruitStore] [http-nio-8090-exec-2] o.s.web.servlet.DispatcherServlet        : Initializing Servlet 'dispatcherServlet'
2024-06-01T15:08:38.033-05:00  INFO 22089 --- [fruitStore] [http-nio-8090-exec-2] o.s.web.servlet.DispatcherServlet        : Completed initialization in 6 ms
2024-06-01T15:08:38.272-05:00 ERROR 22089 --- [fruitStore] [http-nio-8090-exec-2] o.h.engine.jdbc.spi.SqlExceptionHelper   : ERROR: schema "fuits_store" does not exist
  Position: 16
2024-06-01T15:10:14.440-05:00  INFO 22089 --- [fruitStore] [RMI TCP Connection(11)-127.0.0.1] inMXBeanRegistrar$SpringApplicationAdmin : Application shutdown requested.
2024-06-01T15:10:14.451-05:00  INFO 22089 --- [fruitStore] [RMI TCP Connection(11)-127.0.0.1] j.LocalContainerEntityManagerFactoryBean : Closing JPA EntityManagerFactory for persistence unit 'default'
2024-06-01T15:10:14.454-05:00  INFO 22089 --- [fruitStore] [RMI TCP Connection(11)-127.0.0.1] com.zaxxer.hikari.HikariDataSource       : HikariPool-1 - Shutdown initiated...
2024-06-01T15:10:14.461-05:00  INFO 22089 --- [fruitStore] [RMI TCP Connection(11)-127.0.0.1] com.zaxxer.hikari.HikariDataSource       : HikariPool-1 - Shutdown completed.
2024-06-01T15:12:34.868-05:00  INFO 22746 --- [fruitStore] [main] k.fruitstore.FruitStoreApplication       : Starting FruitStoreApplication using Java 17.0.8.1 with PID 22746 (/home/kinberly/Documents/kim/PROJECTS/springboot/workspace/fruitStore/target/classes started by kinberly in /home/kinberly/Documents/kim/PROJECTS/springboot/workspace/fruitStore)
2024-06-01T15:12:34.871-05:00  INFO 22746 --- [fruitStore] [main] k.fruitstore.FruitStoreApplication       : No active profile set, falling back to 1 default profile: "default"
2024-06-01T15:12:35.710-05:00  INFO 22746 --- [fruitStore] [main] .s.d.r.c.RepositoryConfigurationDelegate : Bootstrapping Spring Data JPA repositories in DEFAULT mode.
2024-06-01T15:12:35.789-05:00  INFO 22746 --- [fruitStore] [main] .s.d.r.c.RepositoryConfigurationDelegate : Finished Spring Data repository scanning in 67 ms. Found 1 JPA repository interface.
2024-06-01T15:12:36.496-05:00  INFO 22746 --- [fruitStore] [main] o.s.b.w.embedded.tomcat.TomcatWebServer  : Tomcat initialized with port 8090 (http)
2024-06-01T15:12:36.512-05:00  INFO 22746 --- [fruitStore] [main] o.apache.catalina.core.StandardService   : Starting service [Tomcat]
2024-06-01T15:12:36.512-05:00  INFO 22746 --- [fruitStore] [main] o.apache.catalina.core.StandardEngine    : Starting Servlet engine: [Apache Tomcat/10.1.24]
2024-06-01T15:12:36.576-05:00  INFO 22746 --- [fruitStore] [main] o.a.c.c.C.[Tomcat].[localhost].[/]       : Initializing Spring embedded WebApplicationContext
2024-06-01T15:12:36.576-05:00  INFO 22746 --- [fruitStore] [main] w.s.c.ServletWebServerApplicationContext : Root WebApplicationContext: initialization completed in 1643 ms
2024-06-01T15:12:37.172-05:00  INFO 22746 --- [fruitStore] [main] o.s.o.j.p.SpringPersistenceUnitInfo      : No LoadTimeWeaver setup: ignoring JPA class transformer
2024-06-01T15:12:37.204-05:00  INFO 22746 --- [fruitStore] [main] com.zaxxer.hikari.HikariDataSource       : HikariPool-1 - Starting...
2024-06-01T15:12:37.380-05:00  INFO 22746 --- [fruitStore] [main] com.zaxxer.hikari.pool.HikariPool        : HikariPool-1 - Added connection org.postgresql.jdbc.PgConnection@c94bd18
2024-06-01T15:12:37.382-05:00  INFO 22746 --- [fruitStore] [main] com.zaxxer.hikari.HikariDataSource       : HikariPool-1 - Start completed.
2024-06-01T15:12:38.343-05:00  INFO 22746 --- [fruitStore] [main] j.LocalContainerEntityManagerFactoryBean : Initialized JPA EntityManagerFactory for persistence unit 'default'
2024-06-01T15:12:38.617-05:00  WARN 22746 --- [fruitStore] [main] JpaBaseConfiguration$JpaWebConfiguration : spring.jpa.open-in-view is enabled by default. Therefore, database queries may be performed during view rendering. Explicitly configure spring.jpa.open-in-view to disable this warning
2024-06-01T15:12:39.004-05:00  INFO 22746 --- [fruitStore] [main] o.s.b.w.embedded.tomcat.TomcatWebServer  : Tomcat started on port 8090 (http) with context path '/'
2024-06-01T15:12:39.018-05:00  INFO 22746 --- [fruitStore] [main] k.fruitstore.FruitStoreApplication       : Started FruitStoreApplication in 4.789 seconds (process running for 5.837)
2024-06-01T15:12:43.972-05:00  INFO 22746 --- [fruitStore] [http-nio-8090-exec-2] o.a.c.c.C.[Tomcat].[localhost].[/]       : Initializing Spring DispatcherServlet 'dispatcherServlet'
2024-06-01T15:12:43.991-05:00  INFO 22746 --- [fruitStore] [http-nio-8090-exec-2] o.s.web.servlet.DispatcherServlet        : Initializing Servlet 'dispatcherServlet'
2024-06-01T15:12:43.996-05:00  INFO 22746 --- [fruitStore] [http-nio-8090-exec-2] o.s.web.servlet.DispatcherServlet        : Completed initialization in 3 ms
2024-06-01T15:12:44.225-05:00 ERROR 22746 --- [fruitStore] [http-nio-8090-exec-2] o.h.engine.jdbc.spi.SqlExceptionHelper   : ERROR: schema "fuits_store" does not exist
  Position: 16
2024-06-01T15:13:05.381-05:00  INFO 22746 --- [fruitStore] [RMI TCP Connection(9)-127.0.0.1] inMXBeanRegistrar$SpringApplicationAdmin : Application shutdown requested.
2024-06-01T15:13:05.389-05:00  INFO 22746 --- [fruitStore] [RMI TCP Connection(9)-127.0.0.1] j.LocalContainerEntityManagerFactoryBean : Closing JPA EntityManagerFactory for persistence unit 'default'
2024-06-01T15:13:05.393-05:00  INFO 22746 --- [fruitStore] [RMI TCP Connection(9)-127.0.0.1] com.zaxxer.hikari.HikariDataSource       : HikariPool-1 - Shutdown initiated...
2024-06-01T15:13:05.401-05:00  INFO 22746 --- [fruitStore] [RMI TCP Connection(9)-127.0.0.1] com.zaxxer.hikari.HikariDataSource       : HikariPool-1 - Shutdown completed.
2024-06-01T15:13:08.560-05:00  INFO 22904 --- [fruitStore] [main] k.fruitstore.FruitStoreApplication       : Starting FruitStoreApplication using Java 17.0.8.1 with PID 22904 (/home/kinberly/Documents/kim/PROJECTS/springboot/workspace/fruitStore/target/classes started by kinberly in /home/kinberly/Documents/kim/PROJECTS/springboot/workspace/fruitStore)
2024-06-01T15:13:08.565-05:00  INFO 22904 --- [fruitStore] [main] k.fruitstore.FruitStoreApplication       : No active profile set, falling back to 1 default profile: "default"
2024-06-01T15:13:09.586-05:00  INFO 22904 --- [fruitStore] [main] .s.d.r.c.RepositoryConfigurationDelegate : Bootstrapping Spring Data JPA repositories in DEFAULT mode.
2024-06-01T15:13:09.662-05:00  INFO 22904 --- [fruitStore] [main] .s.d.r.c.RepositoryConfigurationDelegate : Finished Spring Data repository scanning in 64 ms. Found 1 JPA repository interface.
2024-06-01T15:13:10.234-05:00  INFO 22904 --- [fruitStore] [main] o.s.b.w.embedded.tomcat.TomcatWebServer  : Tomcat initialized with port 8090 (http)
2024-06-01T15:13:10.254-05:00  INFO 22904 --- [fruitStore] [main] o.apache.catalina.core.StandardService   : Starting service [Tomcat]
2024-06-01T15:13:10.254-05:00  INFO 22904 --- [fruitStore] [main] o.apache.catalina.core.StandardEngine    : Starting Servlet engine: [Apache Tomcat/10.1.24]
2024-06-01T15:13:10.347-05:00  INFO 22904 --- [fruitStore] [main] o.a.c.c.C.[Tomcat].[localhost].[/]       : Initializing Spring embedded WebApplicationContext
2024-06-01T15:13:10.347-05:00  INFO 22904 --- [fruitStore] [main] w.s.c.ServletWebServerApplicationContext : Root WebApplicationContext: initialization completed in 1702 ms
2024-06-01T15:13:11.201-05:00  INFO 22904 --- [fruitStore] [main] o.s.o.j.p.SpringPersistenceUnitInfo      : No LoadTimeWeaver setup: ignoring JPA class transformer
2024-06-01T15:13:11.231-05:00  INFO 22904 --- [fruitStore] [main] com.zaxxer.hikari.HikariDataSource       : HikariPool-1 - Starting...
2024-06-01T15:13:11.400-05:00  INFO 22904 --- [fruitStore] [main] com.zaxxer.hikari.pool.HikariPool        : HikariPool-1 - Added connection org.postgresql.jdbc.PgConnection@2673487b
2024-06-01T15:13:11.402-05:00  INFO 22904 --- [fruitStore] [main] com.zaxxer.hikari.HikariDataSource       : HikariPool-1 - Start completed.
2024-06-01T15:13:12.381-05:00  INFO 22904 --- [fruitStore] [main] j.LocalContainerEntityManagerFactoryBean : Initialized JPA EntityManagerFactory for persistence unit 'default'
2024-06-01T15:13:12.642-05:00  WARN 22904 --- [fruitStore] [main] JpaBaseConfiguration$JpaWebConfiguration : spring.jpa.open-in-view is enabled by default. Therefore, database queries may be performed during view rendering. Explicitly configure spring.jpa.open-in-view to disable this warning
2024-06-01T15:13:13.046-05:00  INFO 22904 --- [fruitStore] [main] o.s.b.w.embedded.tomcat.TomcatWebServer  : Tomcat started on port 8090 (http) with context path '/'
2024-06-01T15:13:13.060-05:00  INFO 22904 --- [fruitStore] [main] k.fruitstore.FruitStoreApplication       : Started FruitStoreApplication in 5.222 seconds (process running for 6.159)
2024-06-01T15:13:16.781-05:00  INFO 22904 --- [fruitStore] [http-nio-8090-exec-1] o.a.c.c.C.[Tomcat].[localhost].[/]       : Initializing Spring DispatcherServlet 'dispatcherServlet'
2024-06-01T15:13:16.783-05:00  INFO 22904 --- [fruitStore] [http-nio-8090-exec-1] o.s.web.servlet.DispatcherServlet        : Initializing Servlet 'dispatcherServlet'
2024-06-01T15:13:16.786-05:00  INFO 22904 --- [fruitStore] [http-nio-8090-exec-1] o.s.web.servlet.DispatcherServlet        : Completed initialization in 2 ms
2024-06-01T15:14:20.425-05:00  INFO 22904 --- [fruitStore] [RMI TCP Connection(9)-127.0.0.1] inMXBeanRegistrar$SpringApplicationAdmin : Application shutdown requested.
2024-06-01T15:14:20.435-05:00  INFO 22904 --- [fruitStore] [RMI TCP Connection(9)-127.0.0.1] j.LocalContainerEntityManagerFactoryBean : Closing JPA EntityManagerFactory for persistence unit 'default'
2024-06-01T15:14:20.438-05:00  INFO 22904 --- [fruitStore] [RMI TCP Connection(9)-127.0.0.1] com.zaxxer.hikari.HikariDataSource       : HikariPool-1 - Shutdown initiated...
2024-06-01T15:14:20.444-05:00  INFO 22904 --- [fruitStore] [RMI TCP Connection(9)-127.0.0.1] com.zaxxer.hikari.HikariDataSource       : HikariPool-1 - Shutdown completed.
2024-06-01T15:36:33.548-05:00  INFO 26552 --- [fruitStore] [main] k.fruitstore.FruitStoreApplication       : Starting FruitStoreApplication using Java 17.0.8.1 with PID 26552 (/home/kinberly/Documents/kim/PROJECTS/springboot/workspace/fruitStore/target/classes started by kinberly in /home/kinberly/Documents/kim/PROJECTS/springboot/workspace/fruitStore)
2024-06-01T15:36:33.552-05:00  INFO 26552 --- [fruitStore] [main] k.fruitstore.FruitStoreApplication       : No active profile set, falling back to 1 default profile: "default"
2024-06-01T15:36:34.727-05:00  INFO 26552 --- [fruitStore] [main] .s.d.r.c.RepositoryConfigurationDelegate : Bootstrapping Spring Data JPA repositories in DEFAULT mode.
2024-06-01T15:36:34.800-05:00  INFO 26552 --- [fruitStore] [main] .s.d.r.c.RepositoryConfigurationDelegate : Finished Spring Data repository scanning in 58 ms. Found 2 JPA repository interfaces.
2024-06-01T15:36:35.379-05:00  INFO 26552 --- [fruitStore] [main] o.s.b.w.embedded.tomcat.TomcatWebServer  : Tomcat initialized with port 8090 (http)
2024-06-01T15:36:35.399-05:00  INFO 26552 --- [fruitStore] [main] o.apache.catalina.core.StandardService   : Starting service [Tomcat]
2024-06-01T15:36:35.400-05:00  INFO 26552 --- [fruitStore] [main] o.apache.catalina.core.StandardEngine    : Starting Servlet engine: [Apache Tomcat/10.1.24]
2024-06-01T15:36:35.530-05:00  INFO 26552 --- [fruitStore] [main] o.a.c.c.C.[Tomcat].[localhost].[/]       : Initializing Spring embedded WebApplicationContext
2024-06-01T15:36:35.531-05:00  INFO 26552 --- [fruitStore] [main] w.s.c.ServletWebServerApplicationContext : Root WebApplicationContext: initialization completed in 1893 ms
2024-06-01T15:36:36.434-05:00  INFO 26552 --- [fruitStore] [main] o.s.o.j.p.SpringPersistenceUnitInfo      : No LoadTimeWeaver setup: ignoring JPA class transformer
2024-06-01T15:36:36.476-05:00  INFO 26552 --- [fruitStore] [main] com.zaxxer.hikari.HikariDataSource       : HikariPool-1 - Starting...
2024-06-01T15:36:36.708-05:00  INFO 26552 --- [fruitStore] [main] com.zaxxer.hikari.pool.HikariPool        : HikariPool-1 - Added connection org.postgresql.jdbc.PgConnection@9147ba2
2024-06-01T15:36:36.712-05:00  INFO 26552 --- [fruitStore] [main] com.zaxxer.hikari.HikariDataSource       : HikariPool-1 - Start completed.
2024-06-01T15:36:38.083-05:00  INFO 26552 --- [fruitStore] [main] j.LocalContainerEntityManagerFactoryBean : Initialized JPA EntityManagerFactory for persistence unit 'default'
2024-06-01T15:36:38.636-05:00  WARN 26552 --- [fruitStore] [main] JpaBaseConfiguration$JpaWebConfiguration : spring.jpa.open-in-view is enabled by default. Therefore, database queries may be performed during view rendering. Explicitly configure spring.jpa.open-in-view to disable this warning
2024-06-01T15:36:40.244-05:00  INFO 26552 --- [fruitStore] [main] o.s.b.w.embedded.tomcat.TomcatWebServer  : Tomcat started on port 8090 (http) with context path '/'
2024-06-01T15:36:40.271-05:00  INFO 26552 --- [fruitStore] [main] k.fruitstore.FruitStoreApplication       : Started FruitStoreApplication in 7.447 seconds (process running for 8.924)
2024-06-01T15:36:53.834-05:00  INFO 26552 --- [fruitStore] [http-nio-8090-exec-1] o.a.c.c.C.[Tomcat].[localhost].[/]       : Initializing Spring DispatcherServlet 'dispatcherServlet'
2024-06-01T15:36:53.835-05:00  INFO 26552 --- [fruitStore] [http-nio-8090-exec-1] o.s.web.servlet.DispatcherServlet        : Initializing Servlet 'dispatcherServlet'
2024-06-01T15:36:53.841-05:00  INFO 26552 --- [fruitStore] [http-nio-8090-exec-1] o.s.web.servlet.DispatcherServlet        : Completed initialization in 3 ms
2024-06-01T15:36:54.559-05:00  INFO 26552 --- [fruitStore] [http-nio-8090-exec-5] o.springdoc.api.AbstractOpenApiResource  : Init duration for springdoc-openapi is: 345 ms
2024-06-01T15:41:46.751-05:00  INFO 26552 --- [fruitStore] [RMI TCP Connection(13)-127.0.0.1] inMXBeanRegistrar$SpringApplicationAdmin : Application shutdown requested.
2024-06-01T15:41:46.760-05:00  INFO 26552 --- [fruitStore] [RMI TCP Connection(13)-127.0.0.1] j.LocalContainerEntityManagerFactoryBean : Closing JPA EntityManagerFactory for persistence unit 'default'
2024-06-01T15:41:46.765-05:00  INFO 26552 --- [fruitStore] [RMI TCP Connection(13)-127.0.0.1] com.zaxxer.hikari.HikariDataSource       : HikariPool-1 - Shutdown initiated...
2024-06-01T15:41:46.775-05:00  INFO 26552 --- [fruitStore] [RMI TCP Connection(13)-127.0.0.1] com.zaxxer.hikari.HikariDataSource       : HikariPool-1 - Shutdown completed.
2024-06-01T15:47:29.034-05:00  INFO 28720 --- [fruitStore] [main] k.fruitstore.FruitStoreApplication       : Starting FruitStoreApplication using Java 17.0.8.1 with PID 28720 (/home/kinberly/Documents/kim/PROJECTS/springboot/workspace/fruitStore/target/classes started by kinberly in /home/kinberly/Documents/kim/PROJECTS/springboot/workspace/fruitStore)
2024-06-01T15:47:29.038-05:00  INFO 28720 --- [fruitStore] [main] k.fruitstore.FruitStoreApplication       : No active profile set, falling back to 1 default profile: "default"
2024-06-01T15:47:29.925-05:00  INFO 28720 --- [fruitStore] [main] .s.d.r.c.RepositoryConfigurationDelegate : Bootstrapping Spring Data JPA repositories in DEFAULT mode.
2024-06-01T15:47:29.997-05:00  INFO 28720 --- [fruitStore] [main] .s.d.r.c.RepositoryConfigurationDelegate : Finished Spring Data repository scanning in 60 ms. Found 2 JPA repository interfaces.
2024-06-01T15:47:30.737-05:00  INFO 28720 --- [fruitStore] [main] o.s.b.w.embedded.tomcat.TomcatWebServer  : Tomcat initialized with port 8090 (http)
2024-06-01T15:47:30.754-05:00  INFO 28720 --- [fruitStore] [main] o.apache.catalina.core.StandardService   : Starting service [Tomcat]
2024-06-01T15:47:30.755-05:00  INFO 28720 --- [fruitStore] [main] o.apache.catalina.core.StandardEngine    : Starting Servlet engine: [Apache Tomcat/10.1.24]
2024-06-01T15:47:30.833-05:00  INFO 28720 --- [fruitStore] [main] o.a.c.c.C.[Tomcat].[localhost].[/]       : Initializing Spring embedded WebApplicationContext
2024-06-01T15:47:30.834-05:00  INFO 28720 --- [fruitStore] [main] w.s.c.ServletWebServerApplicationContext : Root WebApplicationContext: initialization completed in 1714 ms
2024-06-01T15:47:31.469-05:00  INFO 28720 --- [fruitStore] [main] o.s.o.j.p.SpringPersistenceUnitInfo      : No LoadTimeWeaver setup: ignoring JPA class transformer
2024-06-01T15:47:31.502-05:00  INFO 28720 --- [fruitStore] [main] com.zaxxer.hikari.HikariDataSource       : HikariPool-1 - Starting...
2024-06-01T15:47:31.670-05:00  INFO 28720 --- [fruitStore] [main] com.zaxxer.hikari.pool.HikariPool        : HikariPool-1 - Added connection org.postgresql.jdbc.PgConnection@3350ab4
2024-06-01T15:47:31.673-05:00  INFO 28720 --- [fruitStore] [main] com.zaxxer.hikari.HikariDataSource       : HikariPool-1 - Start completed.
2024-06-01T15:47:32.666-05:00  INFO 28720 --- [fruitStore] [main] j.LocalContainerEntityManagerFactoryBean : Initialized JPA EntityManagerFactory for persistence unit 'default'
2024-06-01T15:47:33.113-05:00  WARN 28720 --- [fruitStore] [main] JpaBaseConfiguration$JpaWebConfiguration : spring.jpa.open-in-view is enabled by default. Therefore, database queries may be performed during view rendering. Explicitly configure spring.jpa.open-in-view to disable this warning
2024-06-01T15:47:34.067-05:00  INFO 28720 --- [fruitStore] [main] o.s.b.w.embedded.tomcat.TomcatWebServer  : Tomcat started on port 8090 (http) with context path '/'
2024-06-01T15:47:34.086-05:00  INFO 28720 --- [fruitStore] [main] k.fruitstore.FruitStoreApplication       : Started FruitStoreApplication in 5.779 seconds (process running for 6.735)
2024-06-01T15:47:38.214-05:00  INFO 28720 --- [fruitStore] [http-nio-8090-exec-1] o.a.c.c.C.[Tomcat].[localhost].[/]       : Initializing Spring DispatcherServlet 'dispatcherServlet'
2024-06-01T15:47:38.214-05:00  INFO 28720 --- [fruitStore] [http-nio-8090-exec-1] o.s.web.servlet.DispatcherServlet        : Initializing Servlet 'dispatcherServlet'
2024-06-01T15:47:38.216-05:00  INFO 28720 --- [fruitStore] [http-nio-8090-exec-1] o.s.web.servlet.DispatcherServlet        : Completed initialization in 2 ms
2024-06-01T15:47:57.347-05:00  INFO 28720 --- [fruitStore] [http-nio-8090-exec-5] o.springdoc.api.AbstractOpenApiResource  : Init duration for springdoc-openapi is: 291 ms
2024-06-01T15:50:53.571-05:00  INFO 28720 --- [fruitStore] [RMI TCP Connection(14)-127.0.0.1] inMXBeanRegistrar$SpringApplicationAdmin : Application shutdown requested.
2024-06-01T15:50:53.579-05:00  INFO 28720 --- [fruitStore] [RMI TCP Connection(14)-127.0.0.1] j.LocalContainerEntityManagerFactoryBean : Closing JPA EntityManagerFactory for persistence unit 'default'
2024-06-01T15:50:53.583-05:00  INFO 28720 --- [fruitStore] [RMI TCP Connection(14)-127.0.0.1] com.zaxxer.hikari.HikariDataSource       : HikariPool-1 - Shutdown initiated...
2024-06-01T15:50:53.589-05:00  INFO 28720 --- [fruitStore] [RMI TCP Connection(14)-127.0.0.1] com.zaxxer.hikari.HikariDataSource       : HikariPool-1 - Shutdown completed.
2024-06-01T15:50:56.945-05:00  INFO 29422 --- [fruitStore] [main] k.fruitstore.FruitStoreApplication       : Starting FruitStoreApplication using Java 17.0.8.1 with PID 29422 (/home/kinberly/Documents/kim/PROJECTS/springboot/workspace/fruitStore/target/classes started by kinberly in /home/kinberly/Documents/kim/PROJECTS/springboot/workspace/fruitStore)
2024-06-01T15:50:56.949-05:00  INFO 29422 --- [fruitStore] [main] k.fruitstore.FruitStoreApplication       : No active profile set, falling back to 1 default profile: "default"
2024-06-01T15:50:57.904-05:00  INFO 29422 --- [fruitStore] [main] .s.d.r.c.RepositoryConfigurationDelegate : Bootstrapping Spring Data JPA repositories in DEFAULT mode.
2024-06-01T15:50:57.993-05:00  INFO 29422 --- [fruitStore] [main] .s.d.r.c.RepositoryConfigurationDelegate : Finished Spring Data repository scanning in 78 ms. Found 2 JPA repository interfaces.
2024-06-01T15:50:58.643-05:00  INFO 29422 --- [fruitStore] [main] o.s.b.w.embedded.tomcat.TomcatWebServer  : Tomcat initialized with port 8090 (http)
2024-06-01T15:50:58.659-05:00  INFO 29422 --- [fruitStore] [main] o.apache.catalina.core.StandardService   : Starting service [Tomcat]
2024-06-01T15:50:58.660-05:00  INFO 29422 --- [fruitStore] [main] o.apache.catalina.core.StandardEngine    : Starting Servlet engine: [Apache Tomcat/10.1.24]
2024-06-01T15:50:58.730-05:00  INFO 29422 --- [fruitStore] [main] o.a.c.c.C.[Tomcat].[localhost].[/]       : Initializing Spring embedded WebApplicationContext
2024-06-01T15:50:58.731-05:00  INFO 29422 --- [fruitStore] [main] w.s.c.ServletWebServerApplicationContext : Root WebApplicationContext: initialization completed in 1704 ms
2024-06-01T15:50:59.381-05:00  INFO 29422 --- [fruitStore] [main] o.s.o.j.p.SpringPersistenceUnitInfo      : No LoadTimeWeaver setup: ignoring JPA class transformer
2024-06-01T15:50:59.419-05:00  INFO 29422 --- [fruitStore] [main] com.zaxxer.hikari.HikariDataSource       : HikariPool-1 - Starting...
2024-06-01T15:50:59.598-05:00  INFO 29422 --- [fruitStore] [main] com.zaxxer.hikari.pool.HikariPool        : HikariPool-1 - Added connection org.postgresql.jdbc.PgConnection@1be3f8f8
2024-06-01T15:50:59.600-05:00  INFO 29422 --- [fruitStore] [main] com.zaxxer.hikari.HikariDataSource       : HikariPool-1 - Start completed.
2024-06-01T15:51:00.664-05:00  INFO 29422 --- [fruitStore] [main] j.LocalContainerEntityManagerFactoryBean : Initialized JPA EntityManagerFactory for persistence unit 'default'
2024-06-01T15:51:00.930-05:00  WARN 29422 --- [fruitStore] [main] ConfigServletWebServerApplicationContext : Exception encountered during context initialization - cancelling refresh attempt: org.springframework.beans.factory.UnsatisfiedDependencyException: Error creating bean with name 'orderController': Unsatisfied dependency expressed through field 'orderService': No qualifying bean of type 'kimberly.fruitstore.service.impl.OrderService' available: expected at least 1 bean which qualifies as autowire candidate. Dependency annotations: {@org.springframework.beans.factory.annotation.Autowired(required=true)}
2024-06-01T15:51:00.932-05:00  INFO 29422 --- [fruitStore] [main] j.LocalContainerEntityManagerFactoryBean : Closing JPA EntityManagerFactory for persistence unit 'default'
2024-06-01T15:51:00.936-05:00  INFO 29422 --- [fruitStore] [main] com.zaxxer.hikari.HikariDataSource       : HikariPool-1 - Shutdown initiated...
2024-06-01T15:51:00.944-05:00  INFO 29422 --- [fruitStore] [main] com.zaxxer.hikari.HikariDataSource       : HikariPool-1 - Shutdown completed.
2024-06-01T15:51:00.947-05:00  INFO 29422 --- [fruitStore] [main] o.apache.catalina.core.StandardService   : Stopping service [Tomcat]
2024-06-01T15:51:00.970-05:00  INFO 29422 --- [fruitStore] [main] .s.b.a.l.ConditionEvaluationReportLogger : 

Error starting ApplicationContext. To display the condition evaluation report re-run your application with 'debug' enabled.
2024-06-01T15:51:00.999-05:00 ERROR 29422 --- [fruitStore] [main] o.s.b.d.LoggingFailureAnalysisReporter   : 

***************************
APPLICATION FAILED TO START
***************************

Description:

Field orderService in kimberly.fruitstore.controller.OrderController required a bean of type 'kimberly.fruitstore.service.impl.OrderService' that could not be found.

The injection point has the following annotations:
	- @org.springframework.beans.factory.annotation.Autowired(required=true)


Action:

Consider defining a bean of type 'kimberly.fruitstore.service.impl.OrderService' in your configuration.

2024-06-01T15:51:56.001-05:00  INFO 29616 --- [fruitStore] [main] k.fruitstore.FruitStoreApplication       : Starting FruitStoreApplication using Java 17.0.8.1 with PID 29616 (/home/kinberly/Documents/kim/PROJECTS/springboot/workspace/fruitStore/target/classes started by kinberly in /home/kinberly/Documents/kim/PROJECTS/springboot/workspace/fruitStore)
2024-06-01T15:51:56.005-05:00  INFO 29616 --- [fruitStore] [main] k.fruitstore.FruitStoreApplication       : No active profile set, falling back to 1 default profile: "default"
2024-06-01T15:51:56.893-05:00  INFO 29616 --- [fruitStore] [main] .s.d.r.c.RepositoryConfigurationDelegate : Bootstrapping Spring Data JPA repositories in DEFAULT mode.
2024-06-01T15:51:56.970-05:00  INFO 29616 --- [fruitStore] [main] .s.d.r.c.RepositoryConfigurationDelegate : Finished Spring Data repository scanning in 65 ms. Found 2 JPA repository interfaces.
2024-06-01T15:51:57.572-05:00  INFO 29616 --- [fruitStore] [main] o.s.b.w.embedded.tomcat.TomcatWebServer  : Tomcat initialized with port 8090 (http)
2024-06-01T15:51:57.587-05:00  INFO 29616 --- [fruitStore] [main] o.apache.catalina.core.StandardService   : Starting service [Tomcat]
2024-06-01T15:51:57.588-05:00  INFO 29616 --- [fruitStore] [main] o.apache.catalina.core.StandardEngine    : Starting Servlet engine: [Apache Tomcat/10.1.24]
2024-06-01T15:51:57.673-05:00  INFO 29616 --- [fruitStore] [main] o.a.c.c.C.[Tomcat].[localhost].[/]       : Initializing Spring embedded WebApplicationContext
2024-06-01T15:51:57.675-05:00  INFO 29616 --- [fruitStore] [main] w.s.c.ServletWebServerApplicationContext : Root WebApplicationContext: initialization completed in 1590 ms
2024-06-01T15:51:58.290-05:00  INFO 29616 --- [fruitStore] [main] o.s.o.j.p.SpringPersistenceUnitInfo      : No LoadTimeWeaver setup: ignoring JPA class transformer
2024-06-01T15:51:58.322-05:00  INFO 29616 --- [fruitStore] [main] com.zaxxer.hikari.HikariDataSource       : HikariPool-1 - Starting...
2024-06-01T15:51:58.506-05:00  INFO 29616 --- [fruitStore] [main] com.zaxxer.hikari.pool.HikariPool        : HikariPool-1 - Added connection org.postgresql.jdbc.PgConnection@3350ab4
2024-06-01T15:51:58.508-05:00  INFO 29616 --- [fruitStore] [main] com.zaxxer.hikari.HikariDataSource       : HikariPool-1 - Start completed.
2024-06-01T15:51:59.461-05:00  INFO 29616 --- [fruitStore] [main] j.LocalContainerEntityManagerFactoryBean : Initialized JPA EntityManagerFactory for persistence unit 'default'
2024-06-01T15:51:59.698-05:00  WARN 29616 --- [fruitStore] [main] ConfigServletWebServerApplicationContext : Exception encountered during context initialization - cancelling refresh attempt: org.springframework.beans.factory.UnsatisfiedDependencyException: Error creating bean with name 'orderController': Unsatisfied dependency expressed through field 'orderService': No qualifying bean of type 'kimberly.fruitstore.service.IOrderService' available: expected at least 1 bean which qualifies as autowire candidate. Dependency annotations: {@org.springframework.beans.factory.annotation.Autowired(required=true)}
2024-06-01T15:51:59.701-05:00  INFO 29616 --- [fruitStore] [main] j.LocalContainerEntityManagerFactoryBean : Closing JPA EntityManagerFactory for persistence unit 'default'
2024-06-01T15:51:59.707-05:00  INFO 29616 --- [fruitStore] [main] com.zaxxer.hikari.HikariDataSource       : HikariPool-1 - Shutdown initiated...
2024-06-01T15:51:59.722-05:00  INFO 29616 --- [fruitStore] [main] com.zaxxer.hikari.HikariDataSource       : HikariPool-1 - Shutdown completed.
2024-06-01T15:51:59.729-05:00  INFO 29616 --- [fruitStore] [main] o.apache.catalina.core.StandardService   : Stopping service [Tomcat]
2024-06-01T15:51:59.757-05:00  INFO 29616 --- [fruitStore] [main] .s.b.a.l.ConditionEvaluationReportLogger : 

Error starting ApplicationContext. To display the condition evaluation report re-run your application with 'debug' enabled.
2024-06-01T15:51:59.788-05:00 ERROR 29616 --- [fruitStore] [main] o.s.b.d.LoggingFailureAnalysisReporter   : 

***************************
APPLICATION FAILED TO START
***************************

Description:

Field orderService in kimberly.fruitstore.controller.OrderController required a bean of type 'kimberly.fruitstore.service.IOrderService' that could not be found.

The injection point has the following annotations:
	- @org.springframework.beans.factory.annotation.Autowired(required=true)


Action:

Consider defining a bean of type 'kimberly.fruitstore.service.IOrderService' in your configuration.

2024-06-01T15:52:32.680-05:00  INFO 29755 --- [fruitStore] [main] k.fruitstore.FruitStoreApplication       : Starting FruitStoreApplication using Java 17.0.8.1 with PID 29755 (/home/kinberly/Documents/kim/PROJECTS/springboot/workspace/fruitStore/target/classes started by kinberly in /home/kinberly/Documents/kim/PROJECTS/springboot/workspace/fruitStore)
2024-06-01T15:52:32.684-05:00  INFO 29755 --- [fruitStore] [main] k.fruitstore.FruitStoreApplication       : No active profile set, falling back to 1 default profile: "default"
2024-06-01T15:52:33.659-05:00  INFO 29755 --- [fruitStore] [main] .s.d.r.c.RepositoryConfigurationDelegate : Bootstrapping Spring Data JPA repositories in DEFAULT mode.
2024-06-01T15:52:33.729-05:00  INFO 29755 --- [fruitStore] [main] .s.d.r.c.RepositoryConfigurationDelegate : Finished Spring Data repository scanning in 61 ms. Found 2 JPA repository interfaces.
2024-06-01T15:52:34.328-05:00  INFO 29755 --- [fruitStore] [main] o.s.b.w.embedded.tomcat.TomcatWebServer  : Tomcat initialized with port 8090 (http)
2024-06-01T15:52:34.346-05:00  INFO 29755 --- [fruitStore] [main] o.apache.catalina.core.StandardService   : Starting service [Tomcat]
2024-06-01T15:52:34.347-05:00  INFO 29755 --- [fruitStore] [main] o.apache.catalina.core.StandardEngine    : Starting Servlet engine: [Apache Tomcat/10.1.24]
2024-06-01T15:52:34.431-05:00  INFO 29755 --- [fruitStore] [main] o.a.c.c.C.[Tomcat].[localhost].[/]       : Initializing Spring embedded WebApplicationContext
2024-06-01T15:52:34.432-05:00  INFO 29755 --- [fruitStore] [main] w.s.c.ServletWebServerApplicationContext : Root WebApplicationContext: initialization completed in 1664 ms
2024-06-01T15:52:35.044-05:00  INFO 29755 --- [fruitStore] [main] o.s.o.j.p.SpringPersistenceUnitInfo      : No LoadTimeWeaver setup: ignoring JPA class transformer
2024-06-01T15:52:35.075-05:00  INFO 29755 --- [fruitStore] [main] com.zaxxer.hikari.HikariDataSource       : HikariPool-1 - Starting...
2024-06-01T15:52:35.249-05:00  INFO 29755 --- [fruitStore] [main] com.zaxxer.hikari.pool.HikariPool        : HikariPool-1 - Added connection org.postgresql.jdbc.PgConnection@60a6840c
2024-06-01T15:52:35.251-05:00  INFO 29755 --- [fruitStore] [main] com.zaxxer.hikari.HikariDataSource       : HikariPool-1 - Start completed.
2024-06-01T15:52:36.225-05:00  INFO 29755 --- [fruitStore] [main] j.LocalContainerEntityManagerFactoryBean : Initialized JPA EntityManagerFactory for persistence unit 'default'
2024-06-01T15:52:36.594-05:00  WARN 29755 --- [fruitStore] [main] JpaBaseConfiguration$JpaWebConfiguration : spring.jpa.open-in-view is enabled by default. Therefore, database queries may be performed during view rendering. Explicitly configure spring.jpa.open-in-view to disable this warning
2024-06-01T15:52:37.544-05:00  INFO 29755 --- [fruitStore] [main] o.s.b.w.embedded.tomcat.TomcatWebServer  : Tomcat started on port 8090 (http) with context path '/'
2024-06-01T15:52:37.561-05:00  INFO 29755 --- [fruitStore] [main] k.fruitstore.FruitStoreApplication       : Started FruitStoreApplication in 5.517 seconds (process running for 6.776)
2024-06-01T15:52:39.611-05:00  INFO 29755 --- [fruitStore] [http-nio-8090-exec-1] o.a.c.c.C.[Tomcat].[localhost].[/]       : Initializing Spring DispatcherServlet 'dispatcherServlet'
2024-06-01T15:52:39.611-05:00  INFO 29755 --- [fruitStore] [http-nio-8090-exec-1] o.s.web.servlet.DispatcherServlet        : Initializing Servlet 'dispatcherServlet'
2024-06-01T15:52:39.614-05:00  INFO 29755 --- [fruitStore] [http-nio-8090-exec-1] o.s.web.servlet.DispatcherServlet        : Completed initialization in 2 ms
2024-06-01T15:52:40.409-05:00  INFO 29755 --- [fruitStore] [http-nio-8090-exec-4] o.springdoc.api.AbstractOpenApiResource  : Init duration for springdoc-openapi is: 335 ms
2024-06-01T15:53:20.721-05:00  INFO 29755 --- [fruitStore] [RMI TCP Connection(10)-127.0.0.1] inMXBeanRegistrar$SpringApplicationAdmin : Application shutdown requested.
2024-06-01T15:53:20.734-05:00  INFO 29755 --- [fruitStore] [RMI TCP Connection(10)-127.0.0.1] j.LocalContainerEntityManagerFactoryBean : Closing JPA EntityManagerFactory for persistence unit 'default'
2024-06-01T15:53:20.738-05:00  INFO 29755 --- [fruitStore] [RMI TCP Connection(10)-127.0.0.1] com.zaxxer.hikari.HikariDataSource       : HikariPool-1 - Shutdown initiated...
2024-06-01T15:53:20.745-05:00  INFO 29755 --- [fruitStore] [RMI TCP Connection(10)-127.0.0.1] com.zaxxer.hikari.HikariDataSource       : HikariPool-1 - Shutdown completed.
